<?xml version="1.0" encoding="UTF-8"?>
<testsuite xmlns:xsi="http://www.w3.org/2001/XMLSchema-instance" xsi:noNamespaceSchemaLocation="https://maven.apache.org/surefire/maven-surefire-plugin/xsd/surefire-test-report-3.0.xsd" version="3.0" name="org.apache.camel.example.springboot.grpc.SimpleHttp2Test" time="5.058" tests="1" errors="0" skipped="0" failures="0">
  <properties>
    <property name="javax.xml.accessExternalSchema" value="file,http,https"/>
    <property name="java.specification.version" value="17"/>
    <property name="sun.jnu.encoding" value="UTF-8"/>
    <property name="java.class.path" value="/home/aaron/pccw/camel-grpc-example/camel-spring-boot-examples/grpc/hello-camel-grpc-client/target/test-classes:/home/aaron/pccw/camel-grpc-example/camel-spring-boot-examples/grpc/hello-camel-grpc-client/target/classes:/root/.m2/repository/org/apache/camel/springboot/camel-activemq-starter/3.16.0/camel-activemq-starter-3.16.0.jar:/root/.m2/repository/org/springframework/boot/spring-boot-starter/2.6.4/spring-boot-starter-2.6.4.jar:/root/.m2/repository/org/springframework/boot/spring-boot/2.6.4/spring-boot-2.6.4.jar:/root/.m2/repository/org/springframework/boot/spring-boot-autoconfigure/2.6.4/spring-boot-autoconfigure-2.6.4.jar:/root/.m2/repository/org/springframework/boot/spring-boot-starter-logging/2.6.4/spring-boot-starter-logging-2.6.4.jar:/root/.m2/repository/ch/qos/logback/logback-classic/1.2.10/logback-classic-1.2.10.jar:/root/.m2/repository/ch/qos/logback/logback-core/1.2.10/logback-core-1.2.10.jar:/root/.m2/repository/org/apache/logging/log4j/log4j-to-slf4j/2.17.1/log4j-to-slf4j-2.17.1.jar:/root/.m2/repository/org/apache/logging/log4j/log4j-api/2.17.1/log4j-api-2.17.1.jar:/root/.m2/repository/org/slf4j/jul-to-slf4j/1.7.36/jul-to-slf4j-1.7.36.jar:/root/.m2/repository/jakarta/annotation/jakarta.annotation-api/1.3.5/jakarta.annotation-api-1.3.5.jar:/root/.m2/repository/org/yaml/snakeyaml/1.29/snakeyaml-1.29.jar:/root/.m2/repository/org/apache/camel/camel-activemq/3.16.0/camel-activemq-3.16.0.jar:/root/.m2/repository/org/slf4j/slf4j-api/1.7.36/slf4j-api-1.7.36.jar:/root/.m2/repository/org/apache/activemq/activemq-spring/5.16.4/activemq-spring-5.16.4.jar:/root/.m2/repository/org/apache/xbean/xbean-spring/4.17/xbean-spring-4.17.jar:/root/.m2/repository/org/apache/activemq/activemq-broker/5.16.4/activemq-broker-5.16.4.jar:/root/.m2/repository/org/apache/activemq/activemq-openwire-legacy/5.16.4/activemq-openwire-legacy-5.16.4.jar:/root/.m2/repository/org/apache/geronimo/specs/geronimo-jta_1.1_spec/1.1.1/geronimo-jta_1.1_spec-1.1.1.jar:/root/.m2/repository/org/apache/activemq/activemq-pool/5.16.4/activemq-pool-5.16.4.jar:/root/.m2/repository/org/apache/activemq/activemq-jms-pool/5.16.4/activemq-jms-pool-5.16.4.jar:/root/.m2/repository/org/apache/geronimo/specs/geronimo-jms_1.1_spec/1.1.1/geronimo-jms_1.1_spec-1.1.1.jar:/root/.m2/repository/org/apache/activemq/activemq-client/5.16.4/activemq-client-5.16.4.jar:/root/.m2/repository/org/fusesource/hawtbuf/hawtbuf/1.11/hawtbuf-1.11.jar:/root/.m2/repository/org/apache/geronimo/specs/geronimo-j2ee-management_1.1_spec/1.0.1/geronimo-j2ee-management_1.1_spec-1.0.1.jar:/root/.m2/repository/org/apache/camel/camel-jms/3.16.0/camel-jms-3.16.0.jar:/root/.m2/repository/org/apache/camel/camel-spring/3.16.0/camel-spring-3.16.0.jar:/root/.m2/repository/org/springframework/spring-aop/5.3.16/spring-aop-5.3.16.jar:/root/.m2/repository/org/springframework/spring-expression/5.3.16/spring-expression-5.3.16.jar:/root/.m2/repository/org/springframework/spring-jms/5.3.16/spring-jms-5.3.16.jar:/root/.m2/repository/org/springframework/spring-messaging/5.3.16/spring-messaging-5.3.16.jar:/root/.m2/repository/org/springframework/spring-context/5.3.16/spring-context-5.3.16.jar:/root/.m2/repository/org/springframework/spring-tx/5.3.16/spring-tx-5.3.16.jar:/root/.m2/repository/org/springframework/spring-beans/5.3.16/spring-beans-5.3.16.jar:/root/.m2/repository/org/apache/geronimo/specs/geronimo-jms_2.0_spec/1.0-alpha-2/geronimo-jms_2.0_spec-1.0-alpha-2.jar:/root/.m2/repository/org/apache/camel/springboot/camel-core-starter/3.16.0/camel-core-starter-3.16.0.jar:/root/.m2/repository/org/apache/camel/springboot/camel-spring-boot-starter/3.16.0/camel-spring-boot-starter-3.16.0.jar:/root/.m2/repository/org/apache/camel/springboot/camel-spring-boot/3.16.0/camel-spring-boot-3.16.0.jar:/root/.m2/repository/org/apache/camel/camel-spring-main/3.16.0/camel-spring-main-3.16.0.jar:/root/.m2/repository/org/apache/camel/camel-main/3.16.0/camel-main-3.16.0.jar:/root/.m2/repository/org/apache/camel/camel-xml-jaxb-dsl/3.16.0/camel-xml-jaxb-dsl-3.16.0.jar:/root/.m2/repository/org/apache/camel/camel-dsl-support/3.16.0/camel-dsl-support-3.16.0.jar:/root/.m2/repository/org/apache/camel/camel-cluster/3.16.0/camel-cluster-3.16.0.jar:/root/.m2/repository/org/apache/camel/camel-health/3.16.0/camel-health-3.16.0.jar:/root/.m2/repository/org/apache/camel/springboot/camel-bean-starter/3.16.0/camel-bean-starter-3.16.0.jar:/root/.m2/repository/org/apache/camel/springboot/camel-browse-starter/3.16.0/camel-browse-starter-3.16.0.jar:/root/.m2/repository/org/apache/camel/springboot/camel-controlbus-starter/3.16.0/camel-controlbus-starter-3.16.0.jar:/root/.m2/repository/org/apache/camel/springboot/camel-dataformat-starter/3.16.0/camel-dataformat-starter-3.16.0.jar:/root/.m2/repository/org/apache/camel/springboot/camel-dataset-starter/3.16.0/camel-dataset-starter-3.16.0.jar:/root/.m2/repository/org/apache/camel/springboot/camel-direct-starter/3.16.0/camel-direct-starter-3.16.0.jar:/root/.m2/repository/org/apache/camel/springboot/camel-directvm-starter/3.16.0/camel-directvm-starter-3.16.0.jar:/root/.m2/repository/org/apache/camel/springboot/camel-file-starter/3.16.0/camel-file-starter-3.16.0.jar:/root/.m2/repository/org/apache/camel/springboot/camel-language-starter/3.16.0/camel-language-starter-3.16.0.jar:/root/.m2/repository/org/apache/camel/springboot/camel-log-starter/3.16.0/camel-log-starter-3.16.0.jar:/root/.m2/repository/org/apache/camel/springboot/camel-mock-starter/3.16.0/camel-mock-starter-3.16.0.jar:/root/.m2/repository/org/apache/camel/springboot/camel-ref-starter/3.16.0/camel-ref-starter-3.16.0.jar:/root/.m2/repository/org/apache/camel/springboot/camel-rest-starter/3.16.0/camel-rest-starter-3.16.0.jar:/root/.m2/repository/org/apache/camel/springboot/camel-saga-starter/3.16.0/camel-saga-starter-3.16.0.jar:/root/.m2/repository/org/apache/camel/springboot/camel-scheduler-starter/3.16.0/camel-scheduler-starter-3.16.0.jar:/root/.m2/repository/org/apache/camel/springboot/camel-stub-starter/3.16.0/camel-stub-starter-3.16.0.jar:/root/.m2/repository/org/apache/camel/springboot/camel-timer-starter/3.16.0/camel-timer-starter-3.16.0.jar:/root/.m2/repository/org/apache/camel/springboot/camel-validator-starter/3.16.0/camel-validator-starter-3.16.0.jar:/root/.m2/repository/org/apache/camel/springboot/camel-vm-starter/3.16.0/camel-vm-starter-3.16.0.jar:/root/.m2/repository/org/apache/camel/springboot/camel-xpath-starter/3.16.0/camel-xpath-starter-3.16.0.jar:/root/.m2/repository/org/apache/camel/springboot/camel-xslt-starter/3.16.0/camel-xslt-starter-3.16.0.jar:/root/.m2/repository/org/apache/camel/springboot/camel-xml-jaxp-starter/3.16.0/camel-xml-jaxp-starter-3.16.0.jar:/root/.m2/repository/org/apache/camel/camel-xml-jaxp/3.16.0/camel-xml-jaxp-3.16.0.jar:/root/.m2/repository/org/apache/camel/camel-xml-io-util/3.16.0/camel-xml-io-util-3.16.0.jar:/root/.m2/repository/org/apache/camel/springboot/camel-grpc-starter/3.16.0/camel-grpc-starter-3.16.0.jar:/root/.m2/repository/org/apache/camel/camel-grpc/3.16.0/camel-grpc-3.16.0.jar:/root/.m2/repository/io/grpc/grpc-auth/1.45.0/grpc-auth-1.45.0.jar:/root/.m2/repository/io/grpc/grpc-api/1.45.0/grpc-api-1.45.0.jar:/root/.m2/repository/io/grpc/grpc-context/1.45.0/grpc-context-1.45.0.jar:/root/.m2/repository/com/google/guava/guava/20.0/guava-20.0.jar:/root/.m2/repository/io/grpc/grpc-netty/1.45.0/grpc-netty-1.45.0.jar:/root/.m2/repository/io/grpc/grpc-core/1.45.0/grpc-core-1.45.0.jar:/root/.m2/repository/com/google/code/gson/gson/2.8.9/gson-2.8.9.jar:/root/.m2/repository/com/google/android/annotations/4.1.1.4/annotations-4.1.1.4.jar:/root/.m2/repository/org/codehaus/mojo/animal-sniffer-annotations/1.19/animal-sniffer-annotations-1.19.jar:/root/.m2/repository/io/netty/netty-codec-http2/4.1.74.Final/netty-codec-http2-4.1.74.Final.jar:/root/.m2/repository/io/netty/netty-handler-proxy/4.1.74.Final/netty-handler-proxy-4.1.74.Final.jar:/root/.m2/repository/io/netty/netty-codec-socks/4.1.74.Final/netty-codec-socks-4.1.74.Final.jar:/root/.m2/repository/com/google/errorprone/error_prone_annotations/2.10.0/error_prone_annotations-2.10.0.jar:/root/.m2/repository/io/perfmark/perfmark-api/0.23.0/perfmark-api-0.23.0.jar:/root/.m2/repository/io/grpc/grpc-protobuf/1.45.0/grpc-protobuf-1.45.0.jar:/root/.m2/repository/com/google/protobuf/protobuf-java/3.19.2/protobuf-java-3.19.2.jar:/root/.m2/repository/com/google/api/grpc/proto-google-common-protos/2.0.1/proto-google-common-protos-2.0.1.jar:/root/.m2/repository/io/grpc/grpc-protobuf-lite/1.45.0/grpc-protobuf-lite-1.45.0.jar:/root/.m2/repository/io/grpc/grpc-stub/1.45.0/grpc-stub-1.45.0.jar:/root/.m2/repository/org/javassist/javassist/3.28.0-GA/javassist-3.28.0-GA.jar:/root/.m2/repository/io/netty/netty-tcnative-boringssl-static/2.0.50.Final/netty-tcnative-boringssl-static-2.0.50.Final.jar:/root/.m2/repository/io/netty/netty-tcnative-boringssl-static/2.0.48.Final/netty-tcnative-boringssl-static-2.0.48.Final-linux-x86_64.jar:/root/.m2/repository/io/netty/netty-tcnative-boringssl-static/2.0.48.Final/netty-tcnative-boringssl-static-2.0.48.Final-linux-aarch_64.jar:/root/.m2/repository/io/netty/netty-tcnative-boringssl-static/2.0.48.Final/netty-tcnative-boringssl-static-2.0.48.Final-osx-x86_64.jar:/root/.m2/repository/io/netty/netty-tcnative-boringssl-static/2.0.48.Final/netty-tcnative-boringssl-static-2.0.48.Final-osx-aarch_64.jar:/root/.m2/repository/io/netty/netty-tcnative-boringssl-static/2.0.48.Final/netty-tcnative-boringssl-static-2.0.48.Final-windows-x86_64.jar:/root/.m2/repository/com/google/auth/google-auth-library-oauth2-http/1.5.3/google-auth-library-oauth2-http-1.5.3.jar:/root/.m2/repository/com/google/auto/value/auto-value-annotations/1.9/auto-value-annotations-1.9.jar:/root/.m2/repository/com/google/http-client/google-http-client/1.41.3/google-http-client-1.41.3.jar:/root/.m2/repository/org/apache/httpcomponents/httpclient/4.5.13/httpclient-4.5.13.jar:/root/.m2/repository/commons-codec/commons-codec/1.15/commons-codec-1.15.jar:/root/.m2/repository/org/apache/httpcomponents/httpcore/4.4.15/httpcore-4.4.15.jar:/root/.m2/repository/com/google/j2objc/j2objc-annotations/1.3/j2objc-annotations-1.3.jar:/root/.m2/repository/io/opencensus/opencensus-api/0.31.0/opencensus-api-0.31.0.jar:/root/.m2/repository/io/opencensus/opencensus-contrib-http-util/0.31.0/opencensus-contrib-http-util-0.31.0.jar:/root/.m2/repository/com/google/http-client/google-http-client-gson/1.41.3/google-http-client-gson-1.41.3.jar:/root/.m2/repository/com/google/auth/google-auth-library-credentials/1.5.3/google-auth-library-credentials-1.5.3.jar:/root/.m2/repository/com/auth0/java-jwt/3.18.3/java-jwt-3.18.3.jar:/root/.m2/repository/com/fasterxml/jackson/core/jackson-databind/2.13.1/jackson-databind-2.13.1.jar:/root/.m2/repository/com/fasterxml/jackson/core/jackson-annotations/2.13.1/jackson-annotations-2.13.1.jar:/root/.m2/repository/com/fasterxml/jackson/core/jackson-core/2.13.1/jackson-core-2.13.1.jar:/root/.m2/repository/org/apache/camel/springboot/camel-seda-starter/3.16.0/camel-seda-starter-3.16.0.jar:/root/.m2/repository/org/apache/camel/camel-seda/3.16.0/camel-seda-3.16.0.jar:/root/.m2/repository/org/apache/camel/springboot/camel-mail-starter/3.16.0/camel-mail-starter-3.16.0.jar:/root/.m2/repository/org/apache/camel/camel-test-spring-junit5/3.16.0/camel-test-spring-junit5-3.16.0.jar:/root/.m2/repository/org/apache/camel/camel-test-junit5/3.16.0/camel-test-junit5-3.16.0.jar:/root/.m2/repository/org/junit/jupiter/junit-jupiter-api/5.8.2/junit-jupiter-api-5.8.2.jar:/root/.m2/repository/org/opentest4j/opentest4j/1.2.0/opentest4j-1.2.0.jar:/root/.m2/repository/org/junit/platform/junit-platform-commons/1.8.2/junit-platform-commons-1.8.2.jar:/root/.m2/repository/org/apiguardian/apiguardian-api/1.1.2/apiguardian-api-1.1.2.jar:/root/.m2/repository/org/junit/jupiter/junit-jupiter-engine/5.8.2/junit-jupiter-engine-5.8.2.jar:/root/.m2/repository/org/junit/platform/junit-platform-engine/1.8.2/junit-platform-engine-1.8.2.jar:/root/.m2/repository/org/junit/jupiter/junit-jupiter-params/5.8.2/junit-jupiter-params-5.8.2.jar:/root/.m2/repository/org/apache/camel/camel-spring-xml/3.16.0/camel-spring-xml-3.16.0.jar:/root/.m2/repository/org/apache/camel/camel-xml-jaxb/3.16.0/camel-xml-jaxb-3.16.0.jar:/root/.m2/repository/com/sun/xml/bind/jaxb-core/2.3.0/jaxb-core-2.3.0.jar:/root/.m2/repository/com/sun/xml/bind/jaxb-impl/2.3.3/jaxb-impl-2.3.3.jar:/root/.m2/repository/com/sun/activation/jakarta.activation/1.2.2/jakarta.activation-1.2.2.jar:/root/.m2/repository/org/apache/camel/camel-core-xml/3.16.0/camel-core-xml-3.16.0.jar:/root/.m2/repository/javax/annotation/javax.annotation-api/1.3.2/javax.annotation-api-1.3.2.jar:/root/.m2/repository/org/springframework/spring-test/5.3.16/spring-test-5.3.16.jar:/root/.m2/repository/org/springframework/boot/spring-boot-starter-test/2.6.4/spring-boot-starter-test-2.6.4.jar:/root/.m2/repository/org/springframework/boot/spring-boot-test/2.6.4/spring-boot-test-2.6.4.jar:/root/.m2/repository/org/springframework/boot/spring-boot-test-autoconfigure/2.6.4/spring-boot-test-autoconfigure-2.6.4.jar:/root/.m2/repository/com/jayway/jsonpath/json-path/2.6.0/json-path-2.6.0.jar:/root/.m2/repository/net/minidev/json-smart/2.4.8/json-smart-2.4.8.jar:/root/.m2/repository/net/minidev/accessors-smart/2.4.8/accessors-smart-2.4.8.jar:/root/.m2/repository/org/ow2/asm/asm/9.1/asm-9.1.jar:/root/.m2/repository/jakarta/xml/bind/jakarta.xml.bind-api/2.3.3/jakarta.xml.bind-api-2.3.3.jar:/root/.m2/repository/jakarta/activation/jakarta.activation-api/1.2.2/jakarta.activation-api-1.2.2.jar:/root/.m2/repository/org/assertj/assertj-core/3.21.0/assertj-core-3.21.0.jar:/root/.m2/repository/org/hamcrest/hamcrest/2.2/hamcrest-2.2.jar:/root/.m2/repository/org/junit/jupiter/junit-jupiter/5.8.2/junit-jupiter-5.8.2.jar:/root/.m2/repository/org/mockito/mockito-core/4.0.0/mockito-core-4.0.0.jar:/root/.m2/repository/net/bytebuddy/byte-buddy/1.11.22/byte-buddy-1.11.22.jar:/root/.m2/repository/net/bytebuddy/byte-buddy-agent/1.11.22/byte-buddy-agent-1.11.22.jar:/root/.m2/repository/org/objenesis/objenesis/3.2/objenesis-3.2.jar:/root/.m2/repository/org/mockito/mockito-junit-jupiter/4.0.0/mockito-junit-jupiter-4.0.0.jar:/root/.m2/repository/org/skyscreamer/jsonassert/1.5.0/jsonassert-1.5.0.jar:/root/.m2/repository/com/vaadin/external/google/android-json/0.0.20131108.vaadin1/android-json-0.0.20131108.vaadin1.jar:/root/.m2/repository/org/springframework/spring-core/5.3.16/spring-core-5.3.16.jar:/root/.m2/repository/org/springframework/spring-jcl/5.3.16/spring-jcl-5.3.16.jar:/root/.m2/repository/org/xmlunit/xmlunit-core/2.8.4/xmlunit-core-2.8.4.jar:/root/.m2/repository/junit/junit/4.13.2/junit-4.13.2.jar:/root/.m2/repository/org/hamcrest/hamcrest-core/2.2/hamcrest-core-2.2.jar:/root/.m2/repository/org/apache/camel/camel-test/3.16.0/camel-test-3.16.0.jar:/root/.m2/repository/org/apache/camel/camel-core-engine/3.16.0/camel-core-engine-3.16.0.jar:/root/.m2/repository/org/apache/camel/camel-api/3.16.0/camel-api-3.16.0.jar:/root/.m2/repository/org/apache/camel/camel-base-engine/3.16.0/camel-base-engine-3.16.0.jar:/root/.m2/repository/org/apache/camel/camel-base/3.16.0/camel-base-3.16.0.jar:/root/.m2/repository/org/apache/camel/camel-core-reifier/3.16.0/camel-core-reifier-3.16.0.jar:/root/.m2/repository/org/apache/camel/camel-core-processor/3.16.0/camel-core-processor-3.16.0.jar:/root/.m2/repository/org/apache/camel/camel-management-api/3.16.0/camel-management-api-3.16.0.jar:/root/.m2/repository/org/apache/camel/camel-util/3.16.0/camel-util-3.16.0.jar:/root/.m2/repository/org/apache/camel/camel-core-languages/3.16.0/camel-core-languages-3.16.0.jar:/root/.m2/repository/org/apache/camel/camel-core-model/3.16.0/camel-core-model-3.16.0.jar:/root/.m2/repository/org/apache/camel/camel-bean/3.16.0/camel-bean-3.16.0.jar:/root/.m2/repository/org/apache/camel/camel-browse/3.16.0/camel-browse-3.16.0.jar:/root/.m2/repository/org/apache/camel/camel-controlbus/3.16.0/camel-controlbus-3.16.0.jar:/root/.m2/repository/org/apache/camel/camel-dataformat/3.16.0/camel-dataformat-3.16.0.jar:/root/.m2/repository/org/apache/camel/camel-dataset/3.16.0/camel-dataset-3.16.0.jar:/root/.m2/repository/org/apache/camel/camel-direct/3.16.0/camel-direct-3.16.0.jar:/root/.m2/repository/org/apache/camel/camel-directvm/3.16.0/camel-directvm-3.16.0.jar:/root/.m2/repository/org/apache/camel/camel-file/3.16.0/camel-file-3.16.0.jar:/root/.m2/repository/org/apache/camel/camel-language/3.16.0/camel-language-3.16.0.jar:/root/.m2/repository/org/apache/camel/camel-log/3.16.0/camel-log-3.16.0.jar:/root/.m2/repository/org/apache/camel/camel-mock/3.16.0/camel-mock-3.16.0.jar:/root/.m2/repository/org/apache/camel/camel-ref/3.16.0/camel-ref-3.16.0.jar:/root/.m2/repository/org/apache/camel/camel-rest/3.16.0/camel-rest-3.16.0.jar:/root/.m2/repository/org/apache/camel/camel-tooling-model/3.16.0/camel-tooling-model-3.16.0.jar:/root/.m2/repository/org/apache/camel/camel-util-json/3.16.0/camel-util-json-3.16.0.jar:/root/.m2/repository/org/apache/camel/camel-saga/3.16.0/camel-saga-3.16.0.jar:/root/.m2/repository/org/apache/camel/camel-scheduler/3.16.0/camel-scheduler-3.16.0.jar:/root/.m2/repository/org/apache/camel/camel-stub/3.16.0/camel-stub-3.16.0.jar:/root/.m2/repository/org/apache/camel/camel-timer/3.16.0/camel-timer-3.16.0.jar:/root/.m2/repository/org/apache/camel/camel-validator/3.16.0/camel-validator-3.16.0.jar:/root/.m2/repository/org/apache/camel/camel-vm/3.16.0/camel-vm-3.16.0.jar:/root/.m2/repository/org/apache/camel/camel-xpath/3.16.0/camel-xpath-3.16.0.jar:/root/.m2/repository/org/apache/camel/camel-xslt/3.16.0/camel-xslt-3.16.0.jar:/root/.m2/repository/org/apache/camel/camel-netty-http/3.16.0/camel-netty-http-3.16.0.jar:/root/.m2/repository/org/apache/camel/camel-netty/3.16.0/camel-netty-3.16.0.jar:/root/.m2/repository/org/apache/commons/commons-pool2/2.11.1/commons-pool2-2.11.1.jar:/root/.m2/repository/io/netty/netty-buffer/4.1.74.Final/netty-buffer-4.1.74.Final.jar:/root/.m2/repository/io/netty/netty-codec/4.1.74.Final/netty-codec-4.1.74.Final.jar:/root/.m2/repository/io/netty/netty-common/4.1.74.Final/netty-common-4.1.74.Final.jar:/root/.m2/repository/io/netty/netty-handler/4.1.74.Final/netty-handler-4.1.74.Final.jar:/root/.m2/repository/io/netty/netty-tcnative-classes/2.0.48.Final/netty-tcnative-classes-2.0.48.Final.jar:/root/.m2/repository/io/netty/netty-resolver/4.1.74.Final/netty-resolver-4.1.74.Final.jar:/root/.m2/repository/io/netty/netty-transport/4.1.74.Final/netty-transport-4.1.74.Final.jar:/root/.m2/repository/io/netty/netty-transport-native-epoll/4.1.74.Final/netty-transport-native-epoll-4.1.74.Final.jar:/root/.m2/repository/io/netty/netty-transport-classes-epoll/4.1.74.Final/netty-transport-classes-epoll-4.1.74.Final.jar:/root/.m2/repository/io/netty/netty-transport-native-unix-common/4.1.74.Final/netty-transport-native-unix-common-4.1.74.Final.jar:/root/.m2/repository/io/netty/netty-codec-http/4.1.74.Final/netty-codec-http-4.1.74.Final.jar:/root/.m2/repository/org/apache/camel/camel-http-base/3.16.0/camel-http-base-3.16.0.jar:/root/.m2/repository/org/apache/camel/camel-cloud/3.16.0/camel-cloud-3.16.0.jar:/root/.m2/repository/org/apache/camel/camel-mail/3.16.0/camel-mail-3.16.0.jar:/root/.m2/repository/org/apache/camel/camel-support/3.16.0/camel-support-3.16.0.jar:/root/.m2/repository/org/apache/camel/camel-attachments/3.16.0/camel-attachments-3.16.0.jar:/root/.m2/repository/com/sun/activation/javax.activation/1.2.0/javax.activation-1.2.0.jar:/root/.m2/repository/com/sun/mail/jakarta.mail/1.6.7/jakarta.mail-1.6.7.jar:"/>
    <property name="java.vm.vendor" value="Debian"/>
    <property name="sun.arch.data.model" value="64"/>
    <property name="java.vendor.url" value="https://tracker.debian.org/openjdk-17"/>
    <property name="user.timezone" value="Asia/Hong_Kong"/>
    <property name="os.name" value="Linux"/>
    <property name="java.vm.specification.version" value="17"/>
    <property name="sun.java.launcher" value="SUN_STANDARD"/>
    <property name="user.country" value="US"/>
    <property name="sun.boot.library.path" value="/usr/lib/jvm/java-17-openjdk-amd64/lib"/>
    <property name="javax.xml.accessExternalDTD" value="file,http"/>
    <property name="sun.java.command" value="/home/aaron/pccw/camel-grpc-example/camel-spring-boot-examples/grpc/hello-camel-grpc-client/target/surefire/surefirebooter15077280799676041591.jar /home/aaron/pccw/camel-grpc-example/camel-spring-boot-examples/grpc/hello-camel-grpc-client/target/surefire 2022-12-09T14-06-08_976-jvmRun1 surefire9586336357045132620tmp surefire_05151982408651925772tmp"/>
    <property name="jdk.debug" value="release"/>
    <property name="surefire.test.class.path" value="/home/aaron/pccw/camel-grpc-example/camel-spring-boot-examples/grpc/hello-camel-grpc-client/target/test-classes:/home/aaron/pccw/camel-grpc-example/camel-spring-boot-examples/grpc/hello-camel-grpc-client/target/classes:/root/.m2/repository/org/apache/camel/springboot/camel-activemq-starter/3.16.0/camel-activemq-starter-3.16.0.jar:/root/.m2/repository/org/springframework/boot/spring-boot-starter/2.6.4/spring-boot-starter-2.6.4.jar:/root/.m2/repository/org/springframework/boot/spring-boot/2.6.4/spring-boot-2.6.4.jar:/root/.m2/repository/org/springframework/boot/spring-boot-autoconfigure/2.6.4/spring-boot-autoconfigure-2.6.4.jar:/root/.m2/repository/org/springframework/boot/spring-boot-starter-logging/2.6.4/spring-boot-starter-logging-2.6.4.jar:/root/.m2/repository/ch/qos/logback/logback-classic/1.2.10/logback-classic-1.2.10.jar:/root/.m2/repository/ch/qos/logback/logback-core/1.2.10/logback-core-1.2.10.jar:/root/.m2/repository/org/apache/logging/log4j/log4j-to-slf4j/2.17.1/log4j-to-slf4j-2.17.1.jar:/root/.m2/repository/org/apache/logging/log4j/log4j-api/2.17.1/log4j-api-2.17.1.jar:/root/.m2/repository/org/slf4j/jul-to-slf4j/1.7.36/jul-to-slf4j-1.7.36.jar:/root/.m2/repository/jakarta/annotation/jakarta.annotation-api/1.3.5/jakarta.annotation-api-1.3.5.jar:/root/.m2/repository/org/yaml/snakeyaml/1.29/snakeyaml-1.29.jar:/root/.m2/repository/org/apache/camel/camel-activemq/3.16.0/camel-activemq-3.16.0.jar:/root/.m2/repository/org/slf4j/slf4j-api/1.7.36/slf4j-api-1.7.36.jar:/root/.m2/repository/org/apache/activemq/activemq-spring/5.16.4/activemq-spring-5.16.4.jar:/root/.m2/repository/org/apache/xbean/xbean-spring/4.17/xbean-spring-4.17.jar:/root/.m2/repository/org/apache/activemq/activemq-broker/5.16.4/activemq-broker-5.16.4.jar:/root/.m2/repository/org/apache/activemq/activemq-openwire-legacy/5.16.4/activemq-openwire-legacy-5.16.4.jar:/root/.m2/repository/org/apache/geronimo/specs/geronimo-jta_1.1_spec/1.1.1/geronimo-jta_1.1_spec-1.1.1.jar:/root/.m2/repository/org/apache/activemq/activemq-pool/5.16.4/activemq-pool-5.16.4.jar:/root/.m2/repository/org/apache/activemq/activemq-jms-pool/5.16.4/activemq-jms-pool-5.16.4.jar:/root/.m2/repository/org/apache/geronimo/specs/geronimo-jms_1.1_spec/1.1.1/geronimo-jms_1.1_spec-1.1.1.jar:/root/.m2/repository/org/apache/activemq/activemq-client/5.16.4/activemq-client-5.16.4.jar:/root/.m2/repository/org/fusesource/hawtbuf/hawtbuf/1.11/hawtbuf-1.11.jar:/root/.m2/repository/org/apache/geronimo/specs/geronimo-j2ee-management_1.1_spec/1.0.1/geronimo-j2ee-management_1.1_spec-1.0.1.jar:/root/.m2/repository/org/apache/camel/camel-jms/3.16.0/camel-jms-3.16.0.jar:/root/.m2/repository/org/apache/camel/camel-spring/3.16.0/camel-spring-3.16.0.jar:/root/.m2/repository/org/springframework/spring-aop/5.3.16/spring-aop-5.3.16.jar:/root/.m2/repository/org/springframework/spring-expression/5.3.16/spring-expression-5.3.16.jar:/root/.m2/repository/org/springframework/spring-jms/5.3.16/spring-jms-5.3.16.jar:/root/.m2/repository/org/springframework/spring-messaging/5.3.16/spring-messaging-5.3.16.jar:/root/.m2/repository/org/springframework/spring-context/5.3.16/spring-context-5.3.16.jar:/root/.m2/repository/org/springframework/spring-tx/5.3.16/spring-tx-5.3.16.jar:/root/.m2/repository/org/springframework/spring-beans/5.3.16/spring-beans-5.3.16.jar:/root/.m2/repository/org/apache/geronimo/specs/geronimo-jms_2.0_spec/1.0-alpha-2/geronimo-jms_2.0_spec-1.0-alpha-2.jar:/root/.m2/repository/org/apache/camel/springboot/camel-core-starter/3.16.0/camel-core-starter-3.16.0.jar:/root/.m2/repository/org/apache/camel/springboot/camel-spring-boot-starter/3.16.0/camel-spring-boot-starter-3.16.0.jar:/root/.m2/repository/org/apache/camel/springboot/camel-spring-boot/3.16.0/camel-spring-boot-3.16.0.jar:/root/.m2/repository/org/apache/camel/camel-spring-main/3.16.0/camel-spring-main-3.16.0.jar:/root/.m2/repository/org/apache/camel/camel-main/3.16.0/camel-main-3.16.0.jar:/root/.m2/repository/org/apache/camel/camel-xml-jaxb-dsl/3.16.0/camel-xml-jaxb-dsl-3.16.0.jar:/root/.m2/repository/org/apache/camel/camel-dsl-support/3.16.0/camel-dsl-support-3.16.0.jar:/root/.m2/repository/org/apache/camel/camel-cluster/3.16.0/camel-cluster-3.16.0.jar:/root/.m2/repository/org/apache/camel/camel-health/3.16.0/camel-health-3.16.0.jar:/root/.m2/repository/org/apache/camel/springboot/camel-bean-starter/3.16.0/camel-bean-starter-3.16.0.jar:/root/.m2/repository/org/apache/camel/springboot/camel-browse-starter/3.16.0/camel-browse-starter-3.16.0.jar:/root/.m2/repository/org/apache/camel/springboot/camel-controlbus-starter/3.16.0/camel-controlbus-starter-3.16.0.jar:/root/.m2/repository/org/apache/camel/springboot/camel-dataformat-starter/3.16.0/camel-dataformat-starter-3.16.0.jar:/root/.m2/repository/org/apache/camel/springboot/camel-dataset-starter/3.16.0/camel-dataset-starter-3.16.0.jar:/root/.m2/repository/org/apache/camel/springboot/camel-direct-starter/3.16.0/camel-direct-starter-3.16.0.jar:/root/.m2/repository/org/apache/camel/springboot/camel-directvm-starter/3.16.0/camel-directvm-starter-3.16.0.jar:/root/.m2/repository/org/apache/camel/springboot/camel-file-starter/3.16.0/camel-file-starter-3.16.0.jar:/root/.m2/repository/org/apache/camel/springboot/camel-language-starter/3.16.0/camel-language-starter-3.16.0.jar:/root/.m2/repository/org/apache/camel/springboot/camel-log-starter/3.16.0/camel-log-starter-3.16.0.jar:/root/.m2/repository/org/apache/camel/springboot/camel-mock-starter/3.16.0/camel-mock-starter-3.16.0.jar:/root/.m2/repository/org/apache/camel/springboot/camel-ref-starter/3.16.0/camel-ref-starter-3.16.0.jar:/root/.m2/repository/org/apache/camel/springboot/camel-rest-starter/3.16.0/camel-rest-starter-3.16.0.jar:/root/.m2/repository/org/apache/camel/springboot/camel-saga-starter/3.16.0/camel-saga-starter-3.16.0.jar:/root/.m2/repository/org/apache/camel/springboot/camel-scheduler-starter/3.16.0/camel-scheduler-starter-3.16.0.jar:/root/.m2/repository/org/apache/camel/springboot/camel-stub-starter/3.16.0/camel-stub-starter-3.16.0.jar:/root/.m2/repository/org/apache/camel/springboot/camel-timer-starter/3.16.0/camel-timer-starter-3.16.0.jar:/root/.m2/repository/org/apache/camel/springboot/camel-validator-starter/3.16.0/camel-validator-starter-3.16.0.jar:/root/.m2/repository/org/apache/camel/springboot/camel-vm-starter/3.16.0/camel-vm-starter-3.16.0.jar:/root/.m2/repository/org/apache/camel/springboot/camel-xpath-starter/3.16.0/camel-xpath-starter-3.16.0.jar:/root/.m2/repository/org/apache/camel/springboot/camel-xslt-starter/3.16.0/camel-xslt-starter-3.16.0.jar:/root/.m2/repository/org/apache/camel/springboot/camel-xml-jaxp-starter/3.16.0/camel-xml-jaxp-starter-3.16.0.jar:/root/.m2/repository/org/apache/camel/camel-xml-jaxp/3.16.0/camel-xml-jaxp-3.16.0.jar:/root/.m2/repository/org/apache/camel/camel-xml-io-util/3.16.0/camel-xml-io-util-3.16.0.jar:/root/.m2/repository/org/apache/camel/springboot/camel-grpc-starter/3.16.0/camel-grpc-starter-3.16.0.jar:/root/.m2/repository/org/apache/camel/camel-grpc/3.16.0/camel-grpc-3.16.0.jar:/root/.m2/repository/io/grpc/grpc-auth/1.45.0/grpc-auth-1.45.0.jar:/root/.m2/repository/io/grpc/grpc-api/1.45.0/grpc-api-1.45.0.jar:/root/.m2/repository/io/grpc/grpc-context/1.45.0/grpc-context-1.45.0.jar:/root/.m2/repository/com/google/guava/guava/20.0/guava-20.0.jar:/root/.m2/repository/io/grpc/grpc-netty/1.45.0/grpc-netty-1.45.0.jar:/root/.m2/repository/io/grpc/grpc-core/1.45.0/grpc-core-1.45.0.jar:/root/.m2/repository/com/google/code/gson/gson/2.8.9/gson-2.8.9.jar:/root/.m2/repository/com/google/android/annotations/4.1.1.4/annotations-4.1.1.4.jar:/root/.m2/repository/org/codehaus/mojo/animal-sniffer-annotations/1.19/animal-sniffer-annotations-1.19.jar:/root/.m2/repository/io/netty/netty-codec-http2/4.1.74.Final/netty-codec-http2-4.1.74.Final.jar:/root/.m2/repository/io/netty/netty-handler-proxy/4.1.74.Final/netty-handler-proxy-4.1.74.Final.jar:/root/.m2/repository/io/netty/netty-codec-socks/4.1.74.Final/netty-codec-socks-4.1.74.Final.jar:/root/.m2/repository/com/google/errorprone/error_prone_annotations/2.10.0/error_prone_annotations-2.10.0.jar:/root/.m2/repository/io/perfmark/perfmark-api/0.23.0/perfmark-api-0.23.0.jar:/root/.m2/repository/io/grpc/grpc-protobuf/1.45.0/grpc-protobuf-1.45.0.jar:/root/.m2/repository/com/google/protobuf/protobuf-java/3.19.2/protobuf-java-3.19.2.jar:/root/.m2/repository/com/google/api/grpc/proto-google-common-protos/2.0.1/proto-google-common-protos-2.0.1.jar:/root/.m2/repository/io/grpc/grpc-protobuf-lite/1.45.0/grpc-protobuf-lite-1.45.0.jar:/root/.m2/repository/io/grpc/grpc-stub/1.45.0/grpc-stub-1.45.0.jar:/root/.m2/repository/org/javassist/javassist/3.28.0-GA/javassist-3.28.0-GA.jar:/root/.m2/repository/io/netty/netty-tcnative-boringssl-static/2.0.50.Final/netty-tcnative-boringssl-static-2.0.50.Final.jar:/root/.m2/repository/io/netty/netty-tcnative-boringssl-static/2.0.48.Final/netty-tcnative-boringssl-static-2.0.48.Final-linux-x86_64.jar:/root/.m2/repository/io/netty/netty-tcnative-boringssl-static/2.0.48.Final/netty-tcnative-boringssl-static-2.0.48.Final-linux-aarch_64.jar:/root/.m2/repository/io/netty/netty-tcnative-boringssl-static/2.0.48.Final/netty-tcnative-boringssl-static-2.0.48.Final-osx-x86_64.jar:/root/.m2/repository/io/netty/netty-tcnative-boringssl-static/2.0.48.Final/netty-tcnative-boringssl-static-2.0.48.Final-osx-aarch_64.jar:/root/.m2/repository/io/netty/netty-tcnative-boringssl-static/2.0.48.Final/netty-tcnative-boringssl-static-2.0.48.Final-windows-x86_64.jar:/root/.m2/repository/com/google/auth/google-auth-library-oauth2-http/1.5.3/google-auth-library-oauth2-http-1.5.3.jar:/root/.m2/repository/com/google/auto/value/auto-value-annotations/1.9/auto-value-annotations-1.9.jar:/root/.m2/repository/com/google/http-client/google-http-client/1.41.3/google-http-client-1.41.3.jar:/root/.m2/repository/org/apache/httpcomponents/httpclient/4.5.13/httpclient-4.5.13.jar:/root/.m2/repository/commons-codec/commons-codec/1.15/commons-codec-1.15.jar:/root/.m2/repository/org/apache/httpcomponents/httpcore/4.4.15/httpcore-4.4.15.jar:/root/.m2/repository/com/google/j2objc/j2objc-annotations/1.3/j2objc-annotations-1.3.jar:/root/.m2/repository/io/opencensus/opencensus-api/0.31.0/opencensus-api-0.31.0.jar:/root/.m2/repository/io/opencensus/opencensus-contrib-http-util/0.31.0/opencensus-contrib-http-util-0.31.0.jar:/root/.m2/repository/com/google/http-client/google-http-client-gson/1.41.3/google-http-client-gson-1.41.3.jar:/root/.m2/repository/com/google/auth/google-auth-library-credentials/1.5.3/google-auth-library-credentials-1.5.3.jar:/root/.m2/repository/com/auth0/java-jwt/3.18.3/java-jwt-3.18.3.jar:/root/.m2/repository/com/fasterxml/jackson/core/jackson-databind/2.13.1/jackson-databind-2.13.1.jar:/root/.m2/repository/com/fasterxml/jackson/core/jackson-annotations/2.13.1/jackson-annotations-2.13.1.jar:/root/.m2/repository/com/fasterxml/jackson/core/jackson-core/2.13.1/jackson-core-2.13.1.jar:/root/.m2/repository/org/apache/camel/springboot/camel-seda-starter/3.16.0/camel-seda-starter-3.16.0.jar:/root/.m2/repository/org/apache/camel/camel-seda/3.16.0/camel-seda-3.16.0.jar:/root/.m2/repository/org/apache/camel/springboot/camel-mail-starter/3.16.0/camel-mail-starter-3.16.0.jar:/root/.m2/repository/org/apache/camel/camel-test-spring-junit5/3.16.0/camel-test-spring-junit5-3.16.0.jar:/root/.m2/repository/org/apache/camel/camel-test-junit5/3.16.0/camel-test-junit5-3.16.0.jar:/root/.m2/repository/org/junit/jupiter/junit-jupiter-api/5.8.2/junit-jupiter-api-5.8.2.jar:/root/.m2/repository/org/opentest4j/opentest4j/1.2.0/opentest4j-1.2.0.jar:/root/.m2/repository/org/junit/platform/junit-platform-commons/1.8.2/junit-platform-commons-1.8.2.jar:/root/.m2/repository/org/apiguardian/apiguardian-api/1.1.2/apiguardian-api-1.1.2.jar:/root/.m2/repository/org/junit/jupiter/junit-jupiter-engine/5.8.2/junit-jupiter-engine-5.8.2.jar:/root/.m2/repository/org/junit/platform/junit-platform-engine/1.8.2/junit-platform-engine-1.8.2.jar:/root/.m2/repository/org/junit/jupiter/junit-jupiter-params/5.8.2/junit-jupiter-params-5.8.2.jar:/root/.m2/repository/org/apache/camel/camel-spring-xml/3.16.0/camel-spring-xml-3.16.0.jar:/root/.m2/repository/org/apache/camel/camel-xml-jaxb/3.16.0/camel-xml-jaxb-3.16.0.jar:/root/.m2/repository/com/sun/xml/bind/jaxb-core/2.3.0/jaxb-core-2.3.0.jar:/root/.m2/repository/com/sun/xml/bind/jaxb-impl/2.3.3/jaxb-impl-2.3.3.jar:/root/.m2/repository/com/sun/activation/jakarta.activation/1.2.2/jakarta.activation-1.2.2.jar:/root/.m2/repository/org/apache/camel/camel-core-xml/3.16.0/camel-core-xml-3.16.0.jar:/root/.m2/repository/javax/annotation/javax.annotation-api/1.3.2/javax.annotation-api-1.3.2.jar:/root/.m2/repository/org/springframework/spring-test/5.3.16/spring-test-5.3.16.jar:/root/.m2/repository/org/springframework/boot/spring-boot-starter-test/2.6.4/spring-boot-starter-test-2.6.4.jar:/root/.m2/repository/org/springframework/boot/spring-boot-test/2.6.4/spring-boot-test-2.6.4.jar:/root/.m2/repository/org/springframework/boot/spring-boot-test-autoconfigure/2.6.4/spring-boot-test-autoconfigure-2.6.4.jar:/root/.m2/repository/com/jayway/jsonpath/json-path/2.6.0/json-path-2.6.0.jar:/root/.m2/repository/net/minidev/json-smart/2.4.8/json-smart-2.4.8.jar:/root/.m2/repository/net/minidev/accessors-smart/2.4.8/accessors-smart-2.4.8.jar:/root/.m2/repository/org/ow2/asm/asm/9.1/asm-9.1.jar:/root/.m2/repository/jakarta/xml/bind/jakarta.xml.bind-api/2.3.3/jakarta.xml.bind-api-2.3.3.jar:/root/.m2/repository/jakarta/activation/jakarta.activation-api/1.2.2/jakarta.activation-api-1.2.2.jar:/root/.m2/repository/org/assertj/assertj-core/3.21.0/assertj-core-3.21.0.jar:/root/.m2/repository/org/hamcrest/hamcrest/2.2/hamcrest-2.2.jar:/root/.m2/repository/org/junit/jupiter/junit-jupiter/5.8.2/junit-jupiter-5.8.2.jar:/root/.m2/repository/org/mockito/mockito-core/4.0.0/mockito-core-4.0.0.jar:/root/.m2/repository/net/bytebuddy/byte-buddy/1.11.22/byte-buddy-1.11.22.jar:/root/.m2/repository/net/bytebuddy/byte-buddy-agent/1.11.22/byte-buddy-agent-1.11.22.jar:/root/.m2/repository/org/objenesis/objenesis/3.2/objenesis-3.2.jar:/root/.m2/repository/org/mockito/mockito-junit-jupiter/4.0.0/mockito-junit-jupiter-4.0.0.jar:/root/.m2/repository/org/skyscreamer/jsonassert/1.5.0/jsonassert-1.5.0.jar:/root/.m2/repository/com/vaadin/external/google/android-json/0.0.20131108.vaadin1/android-json-0.0.20131108.vaadin1.jar:/root/.m2/repository/org/springframework/spring-core/5.3.16/spring-core-5.3.16.jar:/root/.m2/repository/org/springframework/spring-jcl/5.3.16/spring-jcl-5.3.16.jar:/root/.m2/repository/org/xmlunit/xmlunit-core/2.8.4/xmlunit-core-2.8.4.jar:/root/.m2/repository/junit/junit/4.13.2/junit-4.13.2.jar:/root/.m2/repository/org/hamcrest/hamcrest-core/2.2/hamcrest-core-2.2.jar:/root/.m2/repository/org/apache/camel/camel-test/3.16.0/camel-test-3.16.0.jar:/root/.m2/repository/org/apache/camel/camel-core-engine/3.16.0/camel-core-engine-3.16.0.jar:/root/.m2/repository/org/apache/camel/camel-api/3.16.0/camel-api-3.16.0.jar:/root/.m2/repository/org/apache/camel/camel-base-engine/3.16.0/camel-base-engine-3.16.0.jar:/root/.m2/repository/org/apache/camel/camel-base/3.16.0/camel-base-3.16.0.jar:/root/.m2/repository/org/apache/camel/camel-core-reifier/3.16.0/camel-core-reifier-3.16.0.jar:/root/.m2/repository/org/apache/camel/camel-core-processor/3.16.0/camel-core-processor-3.16.0.jar:/root/.m2/repository/org/apache/camel/camel-management-api/3.16.0/camel-management-api-3.16.0.jar:/root/.m2/repository/org/apache/camel/camel-util/3.16.0/camel-util-3.16.0.jar:/root/.m2/repository/org/apache/camel/camel-core-languages/3.16.0/camel-core-languages-3.16.0.jar:/root/.m2/repository/org/apache/camel/camel-core-model/3.16.0/camel-core-model-3.16.0.jar:/root/.m2/repository/org/apache/camel/camel-bean/3.16.0/camel-bean-3.16.0.jar:/root/.m2/repository/org/apache/camel/camel-browse/3.16.0/camel-browse-3.16.0.jar:/root/.m2/repository/org/apache/camel/camel-controlbus/3.16.0/camel-controlbus-3.16.0.jar:/root/.m2/repository/org/apache/camel/camel-dataformat/3.16.0/camel-dataformat-3.16.0.jar:/root/.m2/repository/org/apache/camel/camel-dataset/3.16.0/camel-dataset-3.16.0.jar:/root/.m2/repository/org/apache/camel/camel-direct/3.16.0/camel-direct-3.16.0.jar:/root/.m2/repository/org/apache/camel/camel-directvm/3.16.0/camel-directvm-3.16.0.jar:/root/.m2/repository/org/apache/camel/camel-file/3.16.0/camel-file-3.16.0.jar:/root/.m2/repository/org/apache/camel/camel-language/3.16.0/camel-language-3.16.0.jar:/root/.m2/repository/org/apache/camel/camel-log/3.16.0/camel-log-3.16.0.jar:/root/.m2/repository/org/apache/camel/camel-mock/3.16.0/camel-mock-3.16.0.jar:/root/.m2/repository/org/apache/camel/camel-ref/3.16.0/camel-ref-3.16.0.jar:/root/.m2/repository/org/apache/camel/camel-rest/3.16.0/camel-rest-3.16.0.jar:/root/.m2/repository/org/apache/camel/camel-tooling-model/3.16.0/camel-tooling-model-3.16.0.jar:/root/.m2/repository/org/apache/camel/camel-util-json/3.16.0/camel-util-json-3.16.0.jar:/root/.m2/repository/org/apache/camel/camel-saga/3.16.0/camel-saga-3.16.0.jar:/root/.m2/repository/org/apache/camel/camel-scheduler/3.16.0/camel-scheduler-3.16.0.jar:/root/.m2/repository/org/apache/camel/camel-stub/3.16.0/camel-stub-3.16.0.jar:/root/.m2/repository/org/apache/camel/camel-timer/3.16.0/camel-timer-3.16.0.jar:/root/.m2/repository/org/apache/camel/camel-validator/3.16.0/camel-validator-3.16.0.jar:/root/.m2/repository/org/apache/camel/camel-vm/3.16.0/camel-vm-3.16.0.jar:/root/.m2/repository/org/apache/camel/camel-xpath/3.16.0/camel-xpath-3.16.0.jar:/root/.m2/repository/org/apache/camel/camel-xslt/3.16.0/camel-xslt-3.16.0.jar:/root/.m2/repository/org/apache/camel/camel-netty-http/3.16.0/camel-netty-http-3.16.0.jar:/root/.m2/repository/org/apache/camel/camel-netty/3.16.0/camel-netty-3.16.0.jar:/root/.m2/repository/org/apache/commons/commons-pool2/2.11.1/commons-pool2-2.11.1.jar:/root/.m2/repository/io/netty/netty-buffer/4.1.74.Final/netty-buffer-4.1.74.Final.jar:/root/.m2/repository/io/netty/netty-codec/4.1.74.Final/netty-codec-4.1.74.Final.jar:/root/.m2/repository/io/netty/netty-common/4.1.74.Final/netty-common-4.1.74.Final.jar:/root/.m2/repository/io/netty/netty-handler/4.1.74.Final/netty-handler-4.1.74.Final.jar:/root/.m2/repository/io/netty/netty-tcnative-classes/2.0.48.Final/netty-tcnative-classes-2.0.48.Final.jar:/root/.m2/repository/io/netty/netty-resolver/4.1.74.Final/netty-resolver-4.1.74.Final.jar:/root/.m2/repository/io/netty/netty-transport/4.1.74.Final/netty-transport-4.1.74.Final.jar:/root/.m2/repository/io/netty/netty-transport-native-epoll/4.1.74.Final/netty-transport-native-epoll-4.1.74.Final.jar:/root/.m2/repository/io/netty/netty-transport-classes-epoll/4.1.74.Final/netty-transport-classes-epoll-4.1.74.Final.jar:/root/.m2/repository/io/netty/netty-transport-native-unix-common/4.1.74.Final/netty-transport-native-unix-common-4.1.74.Final.jar:/root/.m2/repository/io/netty/netty-codec-http/4.1.74.Final/netty-codec-http-4.1.74.Final.jar:/root/.m2/repository/org/apache/camel/camel-http-base/3.16.0/camel-http-base-3.16.0.jar:/root/.m2/repository/org/apache/camel/camel-cloud/3.16.0/camel-cloud-3.16.0.jar:/root/.m2/repository/org/apache/camel/camel-mail/3.16.0/camel-mail-3.16.0.jar:/root/.m2/repository/org/apache/camel/camel-support/3.16.0/camel-support-3.16.0.jar:/root/.m2/repository/org/apache/camel/camel-attachments/3.16.0/camel-attachments-3.16.0.jar:/root/.m2/repository/com/sun/activation/javax.activation/1.2.0/javax.activation-1.2.0.jar:/root/.m2/repository/com/sun/mail/jakarta.mail/1.6.7/jakarta.mail-1.6.7.jar:"/>
    <property name="sun.cpu.endian" value="little"/>
    <property name="user.home" value="/root"/>
    <property name="user.language" value="en"/>
    <property name="java.specification.vendor" value="Oracle Corporation"/>
    <property name="java.version.date" value="2022-07-19"/>
    <property name="java.home" value="/usr/lib/jvm/java-17-openjdk-amd64"/>
    <property name="file.separator" value="/"/>
    <property name="basedir" value="/home/aaron/pccw/camel-grpc-example/camel-spring-boot-examples/grpc/hello-camel-grpc-client"/>
    <property name="java.vm.compressedOopsMode" value="32-bit"/>
    <property name="line.separator" value="&#10;"/>
    <property name="java.specification.name" value="Java Platform API Specification"/>
    <property name="java.vm.specification.vendor" value="Oracle Corporation"/>
    <property name="derby.stream.error.file" value="target/derby.log"/>
    <property name="FILE_LOG_CHARSET" value="UTF-8"/>
    <property name="java.awt.headless" value=""/>
    <property name="surefire.real.class.path" value="/home/aaron/pccw/camel-grpc-example/camel-spring-boot-examples/grpc/hello-camel-grpc-client/target/surefire/surefirebooter15077280799676041591.jar"/>
    <property name="java.util.logging.config.file" value="/home/aaron/pccw/camel-grpc-example/camel-spring-boot-examples/grpc/hello-camel-grpc-client/target/test-classes/logging.properties"/>
    <property name="sun.management.compiler" value="HotSpot 64-Bit Tiered Compilers"/>
    <property name="java.runtime.version" value="17.0.4+8-Debian-1deb11u1"/>
    <property name="user.name" value="root"/>
    <property name="path.separator" value=":"/>
    <property name="os.version" value="5.19.7"/>
    <property name="java.runtime.name" value="OpenJDK Runtime Environment"/>
    <property name="org.apache.activemq.default.directory.prefix" value="target/"/>
    <property name="file.encoding" value="UTF-8"/>
    <property name="spring.beaninfo.ignore" value="true"/>
    <property name="java.vm.name" value="OpenJDK 64-Bit Server VM"/>
    <property name="localRepository" value="/root/.m2/repository"/>
    <property name="java.vendor.url.bug" value="https://bugs.debian.org/openjdk-17"/>
    <property name="java.io.tmpdir" value="/tmp"/>
    <property name="java.version" value="17.0.4"/>
    <property name="user.dir" value="/home/aaron/pccw/camel-grpc-example/camel-spring-boot-examples/grpc/hello-camel-grpc-client"/>
    <property name="os.arch" value="amd64"/>
    <property name="java.vm.specification.name" value="Java Virtual Machine Specification"/>
    <property name="PID" value="23188"/>
    <property name="CONSOLE_LOG_CHARSET" value="UTF-8"/>
    <property name="native.encoding" value="UTF-8"/>
    <property name="java.library.path" value="/usr/java/packages/lib:/usr/lib/x86_64-linux-gnu/jni:/lib/x86_64-linux-gnu:/usr/lib/x86_64-linux-gnu:/usr/lib/jni:/lib:/usr/lib"/>
    <property name="java.vm.info" value="mixed mode, sharing"/>
    <property name="java.vendor" value="Debian"/>
    <property name="java.vm.version" value="17.0.4+8-Debian-1deb11u1"/>
    <property name="sun.io.unicode.encoding" value="UnicodeLittle"/>
    <property name="java.class.version" value="61.0"/>
  </properties>
  <testcase name="testHTTP2Route" classname="org.apache.camel.example.springboot.grpc.SimpleHttp2Test" time="2.378"/>
</testsuite>